<?xml version="1.0" encoding="UTF-8"?>
<!-- Generated by org.testng.reporters.JUnitXMLReporter -->
<testsuite ignored="0" hostname="DESKTOP-4V2B5VI" failures="0" tests="6" name="chromeTest" time="54.43" errors="0" timestamp="2022-10-01T23:18:18 IST">
  <testcase classname="testClasses.testClass1" name="test1" time="4.959"/>
  <testcase classname="testClasses.testClass2" name="VerifyUserCanSearchProduct" time="1.051"/>
  <testcase classname="testClasses.testClass2" name="VerifyUserCanGetLowestPriceProductFromEachPage" time="5.526"/>
  <testcase classname="testClasses.testClass3" name="verifyUserCanOpenProfilePage" time="10.463"/>
  <testcase classname="testClasses.testClass3" name="addNewAddress" time="1.233"/>
  <testcase classname="testClasses.testClass3" name="addNewAddress" time="1.127"/>
</testsuite> <!-- chromeTest -->
