<?xml version="1.0" encoding="UTF-8"?>
<!-- Generated by org.testng.reporters.JUnitXMLReporter -->
<testsuite ignored="0" hostname="DESKTOP-4V2B5VI" failures="0" tests="6" name="Test" time="96.243" errors="0" timestamp="2022-09-28T21:21:28 IST">
  <testcase classname="testClasses.testClass1" name="test1" time="6.521"/>
  <testcase classname="testClasses.testClass2" name="VerifyUserCanSearchProduct" time="22.068"/>
  <testcase classname="testClasses.testClass2" name="VerifyUserCanGetLowestPriceProductFromEachPage" time="7.762"/>
  <testcase classname="testClasses.testClass3" name="verifyUserCanOpenProfilePage" time="11.641"/>
  <testcase classname="testClasses.testClass3" name="addNewAddress" time="2.081"/>
  <testcase classname="testClasses.testClass3" name="addNewAddress" time="1.629"/>
</testsuite> <!-- Test -->
